#
# A fatal error has been detected by the Java Runtime Environment:
#
#  SIGSEGV (0xb) at pc=0x0000000103c232b0, pid=18798, tid=16899
#
# JRE version: Java(TM) SE Runtime Environment (8.0_25-b17) (build 1.8.0_25-b17)
# Java VM: Java HotSpot(TM) 64-Bit Server VM (25.25-b02 mixed mode bsd-amd64 compressed oops)
# Problematic frame:
# V  [libjvm.dylib+0x4232b0]  Method::checked_resolve_jmethod_id(_jmethodID*)+0xe
#
# Failed to write core dump. Core dumps have been disabled. To enable core dumping, try "ulimit -c unlimited" before starting Java again
#
# If you would like to submit a bug report, please visit:
#   http://bugreport.sun.com/bugreport/crash.jsp
#

---------------  T H R E A D  ---------------

Current thread (0x00007fccb983f000):  JavaThread "JDWP Transport Listener: dt_socket" daemon [_thread_in_vm, id=16899, stack(0x000000011c204000,0x000000011c304000)]

siginfo: si_signo: 11 (SIGSEGV), si_code: 1 (SEGV_MAPERR), si_addr: 0x0000000000000003

Registers:
RAX=0x0000000000000001, RBX=0x000000011c303a8b, RCX=0x0000000103fd6c80, RDX=0x000000011c303a8b
RSP=0x000000011c3039d0, RBP=0x000000011c3039e0, RSI=0x00007fccb983f000, RDI=0x0000000000000003
R8 =0x0000000000000000, R9 =0x00007fccb8600000, R10=0x0000000000000010, R11=0x00007fccb8600000
R12=0x00007fccb983f000, R13=0x0000000000000003, R14=0x0000000000000003, R15=0x00007fccb8401c90
RIP=0x0000000103c232b0, EFLAGS=0x0000000000010206, ERR=0x0000000000000004
  TRAPNO=0x000000000000000e

Top of Stack: (sp=0x000000011c3039d0)
0x000000011c3039d0:   000000011c303a8b 000000011c303a8b
0x000000011c3039e0:   000000011c303a40 0000000103b3526e
0x000000011c3039f0:   00007fccb983f000 0000000000000000
0x000000011c303a00:   0000000000000000 0000000000000000
0x000000011c303a10:   00007fccb983f000 00007fccb983f000
0x000000011c303a20:   000000011c303a8b 000000011c303a90
0x000000011c303a30:   0000000000000003 0000000000000010
0x000000011c303a40:   000000011c303a60 000000010473c7dc
0x000000011c303a50:   0000000000000001 000000011c303b08
0x000000011c303a60:   000000011c303ad0 0000000104721263
0x000000011c303a70:   000000011c303aa0 00007fccb86e0370
0x000000011c303a80:   0000001100000032 0000000800303b08
0x000000011c303a90:   0000000000000000 0000000000000000
0x000000011c303aa0:   0000000000000000 000000011c303c90
0x000000011c303ab0:   0000000104743eca 00007fccb87f1800
0x000000011c303ac0:   000000011c303b08 000000010474f588
0x000000011c303ad0:   000000011c303ae0 000000010472135c
0x000000011c303ae0:   000000011c303d00 000000010472a8f6
0x000000011c303af0:   000474fd00000013 00000000000f0200
0x000000011c303b00:   00007fccb87da700 00007fccb998d004
0x000000011c303b10:   00007fcc000002ac 00007fccb86e0400
0x000000011c303b20:   00007fcc0000012c 000000011c303b58
0x000000011c303b30:   00007fccb862e310 0000000000000000
0x000000011c303b40:   000474fd0000000f 0000000000000080
0x000000011c303b50:   000000011c303b58 cc7f000011000000
0x000000011c303b60:   0c000000004c4eb8 6b636f74536b7361
0x000000011c303b70:   2500000068736966 6c2f6176616a4c28
0x000000011c303b80:   697274532f676e61 616a4c29493b676e
0x000000011c303b90:   2f6c6974752f6176 0000003b7473694c
0x000000011c303ba0:   2f6176616a4c2839 7274532f676e616c
0x000000011c303bb0:   6a4c29493b676e69 6c6974752f617661
0x000000011c303bc0:   6a4c3c7473694c2f 676e616c2f617661 

Instructions: (pc=0x0000000103c232b0)
0x0000000103c23290:   40 48 48 85 c0 75 e0 30 c0 0f b6 c0 5d c3 31 c0
0x0000000103c232a0:   5d c3 55 48 89 e5 53 48 83 ec 08 48 85 ff 74 24
0x0000000103c232b0:   48 8b 1f 48 85 db 74 1c 48 83 fb 37 74 16 48 8b
0x0000000103c232c0:   03 48 89 df ff 50 10 84 c0 b8 00 00 00 00 48 0f 

Register to memory mapping:

RAX=0x0000000000000001 is an unknown value
RBX=0x000000011c303a8b is pointing into the stack for thread: 0x00007fccb983f000
RCX=0x0000000103fd6c80: UseMembar+0 in /Library/Java/JavaVirtualMachines/jdk1.8.0_25.jdk/Contents/Home/jre/lib/server/libjvm.dylib at 0x0000000103800000
RDX=0x000000011c303a8b is pointing into the stack for thread: 0x00007fccb983f000
RSP=0x000000011c3039d0 is pointing into the stack for thread: 0x00007fccb983f000
RBP=0x000000011c3039e0 is pointing into the stack for thread: 0x00007fccb983f000
RSI=0x00007fccb983f000 is a thread
RDI=0x0000000000000003 is an unknown value
R8 =0x0000000000000000 is an unknown value
R9 =0x00007fccb8600000 is an unknown value
R10=0x0000000000000010 is an unknown value
R11=0x00007fccb8600000 is an unknown value
R12=0x00007fccb983f000 is a thread
R13=0x0000000000000003 is an unknown value
R14=0x0000000000000003 is an unknown value
R15=0x00007fccb8401c90 is an unknown value


Stack: [0x000000011c204000,0x000000011c304000],  sp=0x000000011c3039d0,  free space=1022k
Native frames: (J=compiled Java code, j=interpreted, Vv=VM code, C=native code)
V  [libjvm.dylib+0x4232b0]  Method::checked_resolve_jmethod_id(_jmethodID*)+0xe
V  [libjvm.dylib+0x33526e]  jvmti_IsMethodSynthetic+0xb2
C  [libjdwp.dylib+0x207dc]  isMethodSynthetic+0x63
C  [libjdwp.dylib+0x5263]  methods1+0x10b
C  [libjdwp.dylib+0x535c]  methodsWithGeneric+0xe
C  [libjdwp.dylib+0xe8f6]  debugLoop_run+0x1ce
C  [libjdwp.dylib+0x1f716]  attachThread+0x4d
V  [libjvm.dylib+0x3762ce]  JvmtiAgentThread::call_start_function()+0x38
V  [libjvm.dylib+0x535ed9]  JavaThread::thread_main_inner()+0x9b
V  [libjvm.dylib+0x53761c]  JavaThread::run()+0x1c2
V  [libjvm.dylib+0x45d87e]  java_start(Thread*)+0xf6
C  [libsystem_pthread.dylib+0x3268]  _pthread_body+0x83
C  [libsystem_pthread.dylib+0x31e5]  _pthread_body+0x0
C  [libsystem_pthread.dylib+0x141d]  thread_start+0xd
C  0x0000000000000000


---------------  P R O C E S S  ---------------

Java Threads: ( => current thread )
  0x00007fccb9335000 JavaThread "DestroyJavaVM" [_thread_blocked, id=5379, stack(0x0000000102e9e000,0x0000000102f9e000)]
  0x00007fccb9272000 JavaThread "process reaper" daemon [_thread_in_native, id=57971, stack(0x0000000127190000,0x00000001271b8000)]
  0x00007fccb9987000 JavaThread "AWT-EventQueue-0" [_thread_blocked, id=57607, stack(0x0000000123c4c000,0x0000000123d4c000)]
  0x00007fccb8980800 JavaThread "Java2D Disposer" daemon [_thread_blocked, id=52507, stack(0x0000000122251000,0x0000000122351000)]
  0x00007fccba14e000 JavaThread "Java2D Queue Flusher" daemon [_thread_blocked, id=50439, stack(0x00000001218fe000,0x00000001219fe000)]
  0x00007fccba06e000 JavaThread "AWT-Shutdown" [_thread_blocked, id=30227, stack(0x000000011eac8000,0x000000011ebc8000)]
  0x00007fccba07e000 JavaThread "AppKit Thread" daemon [_thread_blocked, id=1299, stack(0x00007fff5c678000,0x00007fff5ce78000)]
  0x00007fccb9843000 JavaThread "Service Thread" daemon [_thread_blocked, id=19971, stack(0x000000011c816000,0x000000011c916000)]
  0x00007fccb8844800 JavaThread "C1 CompilerThread2" daemon [_thread_blocked, id=19459, stack(0x000000011c713000,0x000000011c813000)]
  0x00007fccb983e000 JavaThread "C2 CompilerThread1" daemon [_thread_blocked, id=18947, stack(0x000000011c610000,0x000000011c710000)]
  0x00007fccb8843800 JavaThread "C2 CompilerThread0" daemon [_thread_blocked, id=18435, stack(0x000000011c50d000,0x000000011c60d000)]
  0x00007fccb9841000 JavaThread "JDWP Command Reader" daemon [_thread_in_native, id=17923, stack(0x000000011c40a000,0x000000011c50a000)]
  0x00007fccb9840800 JavaThread "JDWP Event Helper Thread" daemon [_thread_blocked, id=17411, stack(0x000000011c307000,0x000000011c407000)]
=>0x00007fccb983f000 JavaThread "JDWP Transport Listener: dt_socket" daemon [_thread_in_vm, id=16899, stack(0x000000011c204000,0x000000011c304000)]
  0x00007fccb982e000 JavaThread "Signal Dispatcher" daemon [_thread_blocked, id=16403, stack(0x000000011c0fa000,0x000000011c1fa000)]
  0x00007fccb982c800 JavaThread "Finalizer" daemon [_thread_blocked, id=12035, stack(0x000000011a6d9000,0x000000011a7d9000)]
  0x00007fccb9826000 JavaThread "Reference Handler" daemon [_thread_blocked, id=11523, stack(0x000000011a5d6000,0x000000011a6d6000)]

Other Threads:
  0x00007fccb9823800 VMThread [stack: 0x000000011a4d3000,0x000000011a5d3000] [id=11011]
  0x00007fccb8845800 WatcherThread [stack: 0x000000011c919000,0x000000011ca19000] [id=20483]

VM state:not at safepoint (normal execution)

VM Mutex/Monitor currently owned by a thread: None

Heap:
 PSYoungGen      total 38400K, used 16034K [0x0000000795580000, 0x0000000798000000, 0x00000007c0000000)
  eden space 33280K, 48% used [0x0000000795580000,0x0000000796528ba8,0x0000000797600000)
  from space 5120K, 0% used [0x0000000797b00000,0x0000000797b00000,0x0000000798000000)
  to   space 5120K, 0% used [0x0000000797600000,0x0000000797600000,0x0000000797b00000)
 ParOldGen       total 87552K, used 0K [0x0000000740000000, 0x0000000745580000, 0x0000000795580000)
  object space 87552K, 0% used [0x0000000740000000,0x0000000740000000,0x0000000745580000)
 Metaspace       used 13015K, capacity 13146K, committed 13440K, reserved 1060864K
  class space    used 1615K, capacity 1663K, committed 1664K, reserved 1048576K

Card table byte_map: [0x0000000113b27000,0x0000000113f28000] byte_map_base: 0x0000000110127000

Marking Bits: (ParMarkBitMap*) 0x000000010409d390
 Begin Bits: [0x00000001145df000, 0x00000001165df000)
 End Bits:   [0x00000001165df000, 0x00000001185df000)

Polling page: 0x0000000102fe2000

CodeCache: size=245760Kb used=3704Kb max_used=3705Kb free=242055Kb
 bounds [0x0000000104767000, 0x0000000104b17000, 0x0000000113767000]
 total_blobs=1615 nmethods=1086 adapters=452
 compilation: enabled

Compilation events (10 events):
Event: 7.407 Thread 0x00007fccb8844800 1083       3       javax.swing.AbstractButton::clientPropertyChanged (42 bytes)
Event: 7.407 Thread 0x00007fccb8844800 nmethod 1083 0x0000000104b03ad0 code [0x0000000104b03c60, 0x0000000104b04268]
Event: 7.617 Thread 0x00007fccb8844800 1085  s    3       java.lang.StringBuffer::append (13 bytes)
Event: 7.617 Thread 0x00007fccb8844800 nmethod 1085 0x0000000104b031d0 code [0x0000000104b03360, 0x0000000104b03868]
Event: 7.617 Thread 0x00007fccb8844800 1084       3       java.lang.StringBuffer::<init> (7 bytes)
Event: 7.617 Thread 0x00007fccb8844800 nmethod 1084 0x0000000104b02bd0 code [0x0000000104b02d40, 0x0000000104b02ff0]
Event: 14.513 Thread 0x00007fccb8844800 1086       3       ictk.boardgame.chess.Square::isOccupied (13 bytes)
Event: 14.513 Thread 0x00007fccb8844800 nmethod 1086 0x0000000104b04790 code [0x0000000104b04900, 0x0000000104b04ab0]
Event: 14.514 Thread 0x00007fccb8844800 1087       1       ictk.boardgame.chess.ChessPiece::isBlack (5 bytes)
Event: 14.514 Thread 0x00007fccb8844800 nmethod 1087 0x0000000104b078d0 code [0x0000000104b07a20, 0x0000000104b07b30]

GC Heap History (0 events):
No events

Deoptimization events (4 events):
Event: 3.629 Thread 0x00007fccb9987000 Uncommon trap: reason=class_check action=maybe_recompile pc=0x00000001048f2ee0 method=java.lang.String.equals(Ljava/lang/Object;)Z @ 8
Event: 3.629 Thread 0x00007fccb9987000 Uncommon trap: reason=class_check action=maybe_recompile pc=0x00000001048f2ee0 method=java.lang.String.equals(Ljava/lang/Object;)Z @ 8
Event: 3.629 Thread 0x00007fccb9987000 Uncommon trap: reason=class_check action=maybe_recompile pc=0x00000001048f2ee0 method=java.lang.String.equals(Ljava/lang/Object;)Z @ 8
Event: 3.629 Thread 0x00007fccb9987000 Uncommon trap: reason=class_check action=maybe_recompile pc=0x00000001048f2ee0 method=java.lang.String.equals(Ljava/lang/Object;)Z @ 8

Internal exceptions (10 events):
Event: 2.368 Thread 0x00007fccb9801000 Exception <a 'java/security/PrivilegedActionException'> (0x0000000796336820) thrown at [/HUDSON3/workspace/8-2-build-macosx-x86_64/jdk8u25/1514/hotspot/src/share/vm/prims/jvm.cpp, line 1312]
Event: 2.381 Thread 0x00007fccb9801000 Exception <a 'java/security/PrivilegedActionException'> (0x000000079633e038) thrown at [/HUDSON3/workspace/8-2-build-macosx-x86_64/jdk8u25/1514/hotspot/src/share/vm/prims/jvm.cpp, line 1312]
Event: 2.385 Thread 0x00007fccb9801000 Exception <a 'java/security/PrivilegedActionException'> (0x0000000796349308) thrown at [/HUDSON3/workspace/8-2-build-macosx-x86_64/jdk8u25/1514/hotspot/src/share/vm/prims/jvm.cpp, line 1312]
Event: 2.387 Thread 0x00007fccb9801000 Exception <a 'java/security/PrivilegedActionException'> (0x000000079634f100) thrown at [/HUDSON3/workspace/8-2-build-macosx-x86_64/jdk8u25/1514/hotspot/src/share/vm/prims/jvm.cpp, line 1312]
Event: 2.389 Thread 0x00007fccb9801000 Exception <a 'java/security/PrivilegedActionException'> (0x0000000796355138) thrown at [/HUDSON3/workspace/8-2-build-macosx-x86_64/jdk8u25/1514/hotspot/src/share/vm/prims/jvm.cpp, line 1312]
Event: 2.396 Thread 0x00007fccb9801000 Exception <a 'java/security/PrivilegedActionException'> (0x000000079635f5b0) thrown at [/HUDSON3/workspace/8-2-build-macosx-x86_64/jdk8u25/1514/hotspot/src/share/vm/prims/jvm.cpp, line 1312]
Event: 2.400 Thread 0x00007fccb9801000 Exception <a 'java/security/PrivilegedActionException'> (0x00000007963655b8) thrown at [/HUDSON3/workspace/8-2-build-macosx-x86_64/jdk8u25/1514/hotspot/src/share/vm/prims/jvm.cpp, line 1312]
Event: 2.406 Thread 0x00007fccb9801000 Exception <a 'java/security/PrivilegedActionException'> (0x000000079636bbc8) thrown at [/HUDSON3/workspace/8-2-build-macosx-x86_64/jdk8u25/1514/hotspot/src/share/vm/prims/jvm.cpp, line 1312]
Event: 2.407 Thread 0x00007fccb9801000 Exception <a 'java/security/PrivilegedActionException'> (0x0000000796371cd0) thrown at [/HUDSON3/workspace/8-2-build-macosx-x86_64/jdk8u25/1514/hotspot/src/share/vm/prims/jvm.cpp, line 1312]
Event: 2.408 Thread 0x00007fccb9801000 Exception <a 'java/security/PrivilegedActionException'> (0x00000007963769e0) thrown at [/HUDSON3/workspace/8-2-build-macosx-x86_64/jdk8u25/1514/hotspot/src/share/vm/prims/jvm.cpp, line 1312]

Events (10 events):
Event: 300.655 Executing VM operation: ForceSafepoint
Event: 300.655 Executing VM operation: ForceSafepoint done
Event: 300.656 Executing VM operation: ForceSafepoint
Event: 300.656 Executing VM operation: ForceSafepoint done
Event: 300.656 Executing VM operation: ForceSafepoint
Event: 300.656 Executing VM operation: ForceSafepoint done
Event: 300.657 Executing VM operation: ForceSafepoint
Event: 300.657 Executing VM operation: ForceSafepoint done
Event: 300.657 Executing VM operation: ForceSafepoint
Event: 300.657 Executing VM operation: ForceSafepoint done


Dynamic libraries:
0x000000000ba47000 	/System/Library/Frameworks/Cocoa.framework/Versions/A/Cocoa
0x000000000ba47000 	/System/Library/Frameworks/Security.framework/Versions/A/Security
0x000000000ba47000 	/System/Library/Frameworks/ApplicationServices.framework/Versions/A/ApplicationServices
0x000000000ba47000 	/usr/lib/libz.1.dylib
0x000000000ba47000 	/usr/lib/libSystem.B.dylib
0x000000000ba47000 	/usr/lib/libobjc.A.dylib
0x000000000ba47000 	/System/Library/Frameworks/CoreFoundation.framework/Versions/A/CoreFoundation
0x000000000ba47000 	/System/Library/Frameworks/Foundation.framework/Versions/C/Foundation
0x000000000ba47000 	/System/Library/Frameworks/AppKit.framework/Versions/C/AppKit
0x000000000ba47000 	/System/Library/Frameworks/CoreData.framework/Versions/A/CoreData
0x000000000ba47000 	/System/Library/PrivateFrameworks/RemoteViewServices.framework/Versions/A/RemoteViewServices
0x000000000ba47000 	/System/Library/PrivateFrameworks/UIFoundation.framework/Versions/A/UIFoundation
0x000000000ba47000 	/System/Library/Frameworks/IOSurface.framework/Versions/A/IOSurface
0x000000000ba47000 	/System/Library/Frameworks/AudioToolbox.framework/Versions/A/AudioToolbox
0x000000000ba47000 	/System/Library/Frameworks/AudioUnit.framework/Versions/A/AudioUnit
0x000000000ba47000 	/System/Library/PrivateFrameworks/DataDetectorsCore.framework/Versions/A/DataDetectorsCore
0x000000000ba47000 	/System/Library/PrivateFrameworks/DesktopServicesPriv.framework/Versions/A/DesktopServicesPriv
0x000000000ba47000 	/System/Library/Frameworks/Carbon.framework/Versions/A/Frameworks/HIToolbox.framework/Versions/A/HIToolbox
0x000000000ba47000 	/System/Library/Frameworks/QuartzCore.framework/Versions/A/QuartzCore
0x000000000ba47000 	/System/Library/Frameworks/Carbon.framework/Versions/A/Frameworks/SpeechRecognition.framework/Versions/A/SpeechRecognition
0x000000000ba47000 	/usr/lib/libauto.dylib
0x000000000ba47000 	/usr/lib/libicucore.A.dylib
0x000000000ba47000 	/usr/lib/libxml2.2.dylib
0x000000000ba47000 	/System/Library/PrivateFrameworks/CoreUI.framework/Versions/A/CoreUI
0x000000000ba47000 	/System/Library/Frameworks/CoreAudio.framework/Versions/A/CoreAudio
0x000000000ba47000 	/System/Library/Frameworks/DiskArbitration.framework/Versions/A/DiskArbitration
0x000000000ba47000 	/usr/lib/liblangid.dylib
0x000000000ba47000 	/System/Library/PrivateFrameworks/MultitouchSupport.framework/Versions/A/MultitouchSupport
0x000000000ba47000 	/System/Library/Frameworks/IOKit.framework/Versions/A/IOKit
0x000000000ba47000 	/usr/lib/libDiagnosticMessagesClient.dylib
0x000000000ba47000 	/System/Library/Frameworks/CoreServices.framework/Versions/A/CoreServices
0x000000000ba47000 	/System/Library/PrivateFrameworks/PerformanceAnalysis.framework/Versions/A/PerformanceAnalysis
0x000000000ba47000 	/System/Library/PrivateFrameworks/GenerationalStorage.framework/Versions/A/GenerationalStorage
0x000000000ba47000 	/System/Library/Frameworks/OpenGL.framework/Versions/A/OpenGL
0x000000000ba47000 	/System/Library/PrivateFrameworks/Sharing.framework/Versions/A/Sharing
0x000000000ba47000 	/System/Library/Frameworks/CoreGraphics.framework/Versions/A/CoreGraphics
0x000000000ba47000 	/System/Library/Frameworks/CoreText.framework/Versions/A/CoreText
0x000000000ba47000 	/System/Library/Frameworks/ImageIO.framework/Versions/A/ImageIO
0x000000000ba47000 	/usr/lib/libextension.dylib
0x000000000ba47000 	/System/Library/PrivateFrameworks/Backup.framework/Versions/A/Backup
0x000000000ba47000 	/usr/lib/libarchive.2.dylib
0x000000000ba47000 	/System/Library/Frameworks/CFNetwork.framework/Versions/A/CFNetwork
0x000000000ba47000 	/System/Library/Frameworks/SystemConfiguration.framework/Versions/A/SystemConfiguration
0x000000000ba47000 	/usr/lib/libCRFSuite.dylib
0x000000000ba47000 	/usr/lib/libc++.1.dylib
0x000000000ba47000 	/usr/lib/libc++abi.dylib
0x000000000ba47000 	/usr/lib/system/libcache.dylib
0x000000000ba47000 	/usr/lib/system/libcommonCrypto.dylib
0x000000000ba47000 	/usr/lib/system/libcompiler_rt.dylib
0x000000000ba47000 	/usr/lib/system/libcopyfile.dylib
0x000000000ba47000 	/usr/lib/system/libcorecrypto.dylib
0x000000000ba47000 	/usr/lib/system/libdispatch.dylib
0x000000000ba47000 	/usr/lib/system/libdyld.dylib
0x000000000ba47000 	/usr/lib/system/libkeymgr.dylib
0x000000000ba47000 	/usr/lib/system/liblaunch.dylib
0x000000000ba47000 	/usr/lib/system/libmacho.dylib
0x000000000ba47000 	/usr/lib/system/libquarantine.dylib
0x000000000ba47000 	/usr/lib/system/libremovefile.dylib
0x000000000ba47000 	/usr/lib/system/libsystem_asl.dylib
0x000000000ba47000 	/usr/lib/system/libsystem_blocks.dylib
0x000000000ba47000 	/usr/lib/system/libsystem_c.dylib
0x000000000ba47000 	/usr/lib/system/libsystem_configuration.dylib
0x000000000ba47000 	/usr/lib/system/libsystem_coreservices.dylib
0x000000000ba47000 	/usr/lib/system/libsystem_coretls.dylib
0x000000000ba47000 	/usr/lib/system/libsystem_dnssd.dylib
0x000000000ba47000 	/usr/lib/system/libsystem_info.dylib
0x000000000ba47000 	/usr/lib/system/libsystem_kernel.dylib
0x000000000ba47000 	/usr/lib/system/libsystem_m.dylib
0x000000000ba47000 	/usr/lib/system/libsystem_malloc.dylib
0x000000000ba47000 	/usr/lib/system/libsystem_network.dylib
0x000000000ba47000 	/usr/lib/system/libsystem_networkextension.dylib
0x000000000ba47000 	/usr/lib/system/libsystem_notify.dylib
0x000000000ba47000 	/usr/lib/system/libsystem_platform.dylib
0x000000000ba47000 	/usr/lib/system/libsystem_pthread.dylib
0x000000000ba47000 	/usr/lib/system/libsystem_sandbox.dylib
0x000000000ba47000 	/usr/lib/system/libsystem_secinit.dylib
0x000000000ba47000 	/usr/lib/system/libsystem_stats.dylib
0x000000000ba47000 	/usr/lib/system/libsystem_trace.dylib
0x000000000ba47000 	/usr/lib/system/libunc.dylib
0x000000000ba47000 	/usr/lib/system/libunwind.dylib
0x000000000ba47000 	/usr/lib/system/libxpc.dylib
0x000000000ba47000 	/usr/lib/libbz2.1.0.dylib
0x000000000ba47000 	/usr/lib/liblzma.5.dylib
0x000000000ba47000 	/usr/lib/libbsm.0.dylib
0x000000000ba47000 	/usr/lib/libsqlite3.dylib
0x000000000ba47000 	/usr/lib/system/libkxld.dylib
0x000000000ba47000 	/usr/lib/libxar.1.dylib
0x000000000ba47000 	/usr/lib/libpam.2.dylib
0x000000000ba47000 	/usr/lib/libOpenScriptingUtil.dylib
0x000000000ba47000 	/System/Library/Frameworks/CoreServices.framework/Versions/A/Frameworks/FSEvents.framework/Versions/A/FSEvents
0x000000000ba47000 	/System/Library/Frameworks/CoreServices.framework/Versions/A/Frameworks/CarbonCore.framework/Versions/A/CarbonCore
0x000000000ba47000 	/System/Library/Frameworks/CoreServices.framework/Versions/A/Frameworks/Metadata.framework/Versions/A/Metadata
0x000000000ba47000 	/System/Library/Frameworks/CoreServices.framework/Versions/A/Frameworks/OSServices.framework/Versions/A/OSServices
0x000000000ba47000 	/System/Library/Frameworks/CoreServices.framework/Versions/A/Frameworks/SearchKit.framework/Versions/A/SearchKit
0x000000000ba47000 	/System/Library/Frameworks/CoreServices.framework/Versions/A/Frameworks/AE.framework/Versions/A/AE
0x000000000ba47000 	/System/Library/Frameworks/CoreServices.framework/Versions/A/Frameworks/LaunchServices.framework/Versions/A/LaunchServices
0x000000000ba47000 	/System/Library/Frameworks/CoreServices.framework/Versions/A/Frameworks/DictionaryServices.framework/Versions/A/DictionaryServices
0x000000000ba47000 	/System/Library/Frameworks/NetFS.framework/Versions/A/NetFS
0x000000000ba47000 	/System/Library/PrivateFrameworks/NetAuth.framework/Versions/A/NetAuth
0x000000000ba47000 	/System/Library/PrivateFrameworks/login.framework/Versions/A/Frameworks/loginsupport.framework/Versions/A/loginsupport
0x000000000ba47000 	/System/Library/PrivateFrameworks/TCC.framework/Versions/A/TCC
0x000000000ba47000 	/usr/lib/libmecabra.dylib
0x000000000ba47000 	/System/Library/Frameworks/ApplicationServices.framework/Versions/A/Frameworks/ATS.framework/Versions/A/ATS
0x000000000ba47000 	/System/Library/Frameworks/ApplicationServices.framework/Versions/A/Frameworks/ColorSync.framework/Versions/A/ColorSync
0x000000000ba47000 	/System/Library/Frameworks/ApplicationServices.framework/Versions/A/Frameworks/HIServices.framework/Versions/A/HIServices
0x000000000ba47000 	/System/Library/Frameworks/ApplicationServices.framework/Versions/A/Frameworks/LangAnalysis.framework/Versions/A/LangAnalysis
0x000000000ba47000 	/System/Library/Frameworks/ApplicationServices.framework/Versions/A/Frameworks/PrintCore.framework/Versions/A/PrintCore
0x000000000ba47000 	/System/Library/Frameworks/ApplicationServices.framework/Versions/A/Frameworks/QD.framework/Versions/A/QD
0x000000000ba47000 	/System/Library/Frameworks/ApplicationServices.framework/Versions/A/Frameworks/SpeechSynthesis.framework/Versions/A/SpeechSynthesis
0x000000000ba47000 	/System/Library/Frameworks/Accelerate.framework/Versions/A/Accelerate
0x000000000ba47000 	/System/Library/Frameworks/Accelerate.framework/Versions/A/Frameworks/vImage.framework/Versions/A/vImage
0x000000000ba47000 	/System/Library/Frameworks/Accelerate.framework/Versions/A/Frameworks/vecLib.framework/Versions/A/vecLib
0x000000000ba47000 	/System/Library/Frameworks/Accelerate.framework/Versions/A/Frameworks/vecLib.framework/Versions/A/libvDSP.dylib
0x000000000ba47000 	/System/Library/Frameworks/Accelerate.framework/Versions/A/Frameworks/vecLib.framework/Versions/A/libvMisc.dylib
0x000000000ba47000 	/System/Library/Frameworks/Accelerate.framework/Versions/A/Frameworks/vecLib.framework/Versions/A/libLAPACK.dylib
0x000000000ba47000 	/System/Library/Frameworks/Accelerate.framework/Versions/A/Frameworks/vecLib.framework/Versions/A/libBLAS.dylib
0x000000000ba47000 	/System/Library/Frameworks/Accelerate.framework/Versions/A/Frameworks/vecLib.framework/Versions/A/libLinearAlgebra.dylib
0x000000000ba47000 	/System/Library/Frameworks/ApplicationServices.framework/Versions/A/Frameworks/ATS.framework/Versions/A/Resources/libFontParser.dylib
0x000000000ba47000 	/System/Library/Frameworks/ApplicationServices.framework/Versions/A/Frameworks/ATS.framework/Versions/A/Resources/libFontRegistry.dylib
0x000000000ba47000 	/System/Library/PrivateFrameworks/AppleVPA.framework/Versions/A/AppleVPA
0x000000000ba47000 	/System/Library/PrivateFrameworks/AppleJPEG.framework/Versions/A/AppleJPEG
0x000000000ba47000 	/System/Library/Frameworks/ImageIO.framework/Versions/A/Resources/libJPEG.dylib
0x000000000ba47000 	/System/Library/Frameworks/ImageIO.framework/Versions/A/Resources/libTIFF.dylib
0x000000000ba47000 	/System/Library/Frameworks/ImageIO.framework/Versions/A/Resources/libPng.dylib
0x000000000ba47000 	/System/Library/Frameworks/ImageIO.framework/Versions/A/Resources/libGIF.dylib
0x000000000ba47000 	/System/Library/Frameworks/ImageIO.framework/Versions/A/Resources/libJP2.dylib
0x000000000ba47000 	/System/Library/Frameworks/ImageIO.framework/Versions/A/Resources/libRadiance.dylib
0x000000000ba47000 	/System/Library/Frameworks/CoreVideo.framework/Versions/A/CoreVideo
0x000000000ba47000 	/System/Library/Frameworks/OpenGL.framework/Versions/A/Libraries/libGLU.dylib
0x000000000ba47000 	/System/Library/Frameworks/OpenGL.framework/Versions/A/Libraries/libGFXShared.dylib
0x000000000ba47000 	/System/Library/Frameworks/OpenGL.framework/Versions/A/Libraries/libGL.dylib
0x000000000ba47000 	/System/Library/Frameworks/OpenGL.framework/Versions/A/Libraries/libGLImage.dylib
0x000000000ba47000 	/System/Library/Frameworks/OpenGL.framework/Versions/A/Libraries/libCVMSPluginSupport.dylib
0x000000000ba47000 	/System/Library/Frameworks/OpenGL.framework/Versions/A/Libraries/libCoreVMClient.dylib
0x000000000ba47000 	/usr/lib/libcups.2.dylib
0x000000000ba47000 	/System/Library/Frameworks/Kerberos.framework/Versions/A/Kerberos
0x000000000ba47000 	/System/Library/Frameworks/GSS.framework/Versions/A/GSS
0x000000000ba47000 	/usr/lib/libresolv.9.dylib
0x000000000ba47000 	/usr/lib/libiconv.2.dylib
0x000000000ba47000 	/System/Library/PrivateFrameworks/Heimdal.framework/Versions/A/Heimdal
0x000000000ba47000 	/usr/lib/libheimdal-asn1.dylib
0x000000000ba47000 	/System/Library/Frameworks/OpenDirectory.framework/Versions/A/OpenDirectory
0x000000000ba47000 	/System/Library/PrivateFrameworks/CommonAuth.framework/Versions/A/CommonAuth
0x000000000ba47000 	/System/Library/Frameworks/OpenDirectory.framework/Versions/A/Frameworks/CFOpenDirectory.framework/Versions/A/CFOpenDirectory
0x000000000ba47000 	/System/Library/Frameworks/SecurityFoundation.framework/Versions/A/SecurityFoundation
0x000000000ba47000 	/System/Library/PrivateFrameworks/LanguageModeling.framework/Versions/A/LanguageModeling
0x000000000ba47000 	/usr/lib/libcmph.dylib
0x000000000ba47000 	/System/Library/Frameworks/ServiceManagement.framework/Versions/A/ServiceManagement
0x000000000ba47000 	/usr/lib/libxslt.1.dylib
0x000000000ba47000 	/System/Library/Frameworks/Carbon.framework/Versions/A/Frameworks/Ink.framework/Versions/A/Ink
0x000000000ba47000 	/System/Library/Frameworks/QuartzCore.framework/Versions/A/Frameworks/CoreImage.framework/Versions/A/CoreImage
0x000000000ba47000 	/System/Library/PrivateFrameworks/CrashReporterSupport.framework/Versions/A/CrashReporterSupport
0x000000000ba47000 	/System/Library/Frameworks/OpenCL.framework/Versions/A/OpenCL
0x000000000ba47000 	/System/Library/PrivateFrameworks/FaceCore.framework/Versions/A/FaceCore
0x000000000ba47000 	/System/Library/PrivateFrameworks/Ubiquity.framework/Versions/A/Ubiquity
0x000000000ba47000 	/System/Library/PrivateFrameworks/IconServices.framework/Versions/A/IconServices
0x000000000ba47000 	/System/Library/PrivateFrameworks/ChunkingLibrary.framework/Versions/A/ChunkingLibrary
0x000000000ba47000 	/System/Library/PrivateFrameworks/Apple80211.framework/Versions/A/Apple80211
0x000000000ba47000 	/System/Library/Frameworks/CoreWLAN.framework/Versions/A/CoreWLAN
0x000000000ba47000 	/System/Library/Frameworks/IOBluetooth.framework/Versions/A/IOBluetooth
0x000000000ba47000 	/System/Library/PrivateFrameworks/CoreWiFi.framework/Versions/A/CoreWiFi
0x000000000ba47000 	/System/Library/Frameworks/CoreBluetooth.framework/Versions/A/CoreBluetooth
0x000000000ba47000 	/System/Library/PrivateFrameworks/DebugSymbols.framework/Versions/A/DebugSymbols
0x000000000ba47000 	/System/Library/PrivateFrameworks/CoreSymbolication.framework/Versions/A/CoreSymbolication
0x000000000ba47000 	/System/Library/PrivateFrameworks/Symbolication.framework/Versions/A/Symbolication
0x000000000ba47000 	/System/Library/PrivateFrameworks/SpeechRecognitionCore.framework/Versions/A/SpeechRecognitionCore
0x0000000103800000 	/Library/Java/JavaVirtualMachines/jdk1.8.0_25.jdk/Contents/Home/jre/lib/server/libjvm.dylib
0x000000000ba47000 	/usr/lib/libstdc++.6.dylib
0x0000000102fa0000 	/Library/Java/JavaVirtualMachines/jdk1.8.0_25.jdk/Contents/Home/jre/lib/libverify.dylib
0x0000000102fae000 	/Library/Java/JavaVirtualMachines/jdk1.8.0_25.jdk/Contents/Home/jre/lib/libjava.dylib
0x000000010471c000 	/Library/Java/JavaVirtualMachines/jdk1.8.0_25.jdk/Contents/Home/jre/lib/libjdwp.dylib
0x0000000102fe3000 	/Library/Java/JavaVirtualMachines/jdk1.8.0_25.jdk/Contents/Home/jre/lib/libnpt.dylib
0x0000000102ff0000 	/Library/Java/JavaVirtualMachines/jdk1.8.0_25.jdk/Contents/Home/jre/lib/libzip.dylib
0x000000011a7db000 	/System/Library/Frameworks/JavaVM.framework/Frameworks/JavaRuntimeSupport.framework/JavaRuntimeSupport
0x000000011a7f3000 	/System/Library/Frameworks/JavaVM.framework/Versions/A/Frameworks/JavaNativeFoundation.framework/Versions/A/JavaNativeFoundation
0x000000011a808000 	/System/Library/Frameworks/JavaVM.framework/Versions/A/JavaVM
0x000000000ba47000 	/System/Library/Frameworks/Carbon.framework/Versions/A/Carbon
0x000000011a815000 	/System/Library/PrivateFrameworks/JavaLaunching.framework/Versions/A/JavaLaunching
0x000000000ba47000 	/System/Library/Frameworks/Carbon.framework/Versions/A/Frameworks/CommonPanels.framework/Versions/A/CommonPanels
0x000000000ba47000 	/System/Library/Frameworks/Carbon.framework/Versions/A/Frameworks/Help.framework/Versions/A/Help
0x000000000ba47000 	/System/Library/Frameworks/Carbon.framework/Versions/A/Frameworks/ImageCapture.framework/Versions/A/ImageCapture
0x000000000ba47000 	/System/Library/Frameworks/Carbon.framework/Versions/A/Frameworks/OpenScripting.framework/Versions/A/OpenScripting
0x000000000ba47000 	/System/Library/Frameworks/Carbon.framework/Versions/A/Frameworks/Print.framework/Versions/A/Print
0x000000000ba47000 	/System/Library/Frameworks/Carbon.framework/Versions/A/Frameworks/SecurityHI.framework/Versions/A/SecurityHI
0x000000011c1fc000 	/Library/Java/JavaVirtualMachines/jdk1.8.0_25.jdk/Contents/Home/jre/lib/libdt_socket.dylib
0x000000011cb74000 	/Library/Java/JavaVirtualMachines/jdk1.8.0_25.jdk/Contents/Home/jre/lib/libawt.dylib
0x000000011cc23000 	/Library/Java/JavaVirtualMachines/jdk1.8.0_25.jdk/Contents/Home/jre/lib/./libmlib_image.dylib
0x000000011ccef000 	/Library/Java/JavaVirtualMachines/jdk1.8.0_25.jdk/Contents/Home/jre/lib/libawt_lwawt.dylib
0x000000011cda2000 	/Library/Java/JavaVirtualMachines/jdk1.8.0_25.jdk/Contents/Home/jre/lib/./libosxapp.dylib
0x000000000ba47000 	/System/Library/Frameworks/ExceptionHandling.framework/Versions/A/ExceptionHandling
0x000000000ba47000 	/System/Library/PrivateFrameworks/CoreServicesInternal.framework/Versions/A/CoreServicesInternal
0x000000000ba47000 	/System/Library/PrivateFrameworks/CloudDocs.framework/Versions/A/CloudDocs
0x000000000ba47000 	/System/Library/PrivateFrameworks/CoreDuet.framework/Versions/A/CoreDuet
0x000000000ba47000 	/System/Library/Frameworks/CloudKit.framework/Versions/A/CloudKit
0x000000000ba47000 	/System/Library/PrivateFrameworks/ProtocolBuffer.framework/Versions/A/ProtocolBuffer
0x000000000ba47000 	/System/Library/PrivateFrameworks/CoreDuetDaemonProtocol.framework/Versions/A/CoreDuetDaemonProtocol
0x000000000ba47000 	/System/Library/PrivateFrameworks/CoreDuetDebugLogging.framework/Versions/A/CoreDuetDebugLogging
0x000000000ba47000 	/System/Library/PrivateFrameworks/MMCS.framework/Versions/A/MMCS
0x000000000ba47000 	/System/Library/Frameworks/CoreLocation.framework/Versions/A/CoreLocation
0x000000000ba47000 	/System/Library/PrivateFrameworks/ProtectedCloudStorage.framework/Versions/A/ProtectedCloudStorage
0x000000000ba47000 	/System/Library/PrivateFrameworks/GeoServices.framework/Versions/A/GeoServices
0x000000000ba47000 	/System/Library/Frameworks/CoreGraphics.framework/Versions/A/Resources/libCGCMS.A.dylib
0x000000000ba47000 	/System/Library/Frameworks/CoreGraphics.framework/Versions/A/Resources/libRIP.A.dylib
0x000000000ba47000 	/System/Library/Frameworks/CoreGraphics.framework/Versions/A/Resources/libCGXType.A.dylib
0x000000000ba47000 	/System/Library/Frameworks/OpenCL.framework/Versions/A/Libraries/libcldcpuengine.dylib
0x000000000ba47000 	/System/Library/PrivateFrameworks/DiskImages.framework/Versions/A/DiskImages
0x000000000ba47000 	/System/Library/Frameworks/DiscRecording.framework/Versions/A/DiscRecording
0x000000000ba47000 	/usr/lib/libcsfde.dylib
0x000000000ba47000 	/usr/lib/libcurl.4.dylib
0x000000000ba47000 	/System/Library/PrivateFrameworks/MediaKit.framework/Versions/A/MediaKit
0x000000000ba47000 	/usr/lib/libCoreStorage.dylib
0x000000000ba47000 	/System/Library/PrivateFrameworks/EFILogin.framework/Versions/A/EFILogin
0x000000000ba47000 	/usr/lib/libutil.dylib
0x000000000ba47000 	/System/Library/PrivateFrameworks/FindMyDevice.framework/Versions/A/FindMyDevice
0x000000000ba47000 	/System/Library/Frameworks/LDAP.framework/Versions/A/LDAP
0x000000000ba47000 	/usr/lib/libsasl2.2.dylib
0x000000000ba47000 	/System/Library/PrivateFrameworks/CoreDaemon.framework/Versions/B/CoreDaemon
0x000000000ba47000 	/usr/lib/libcrypto.0.9.8.dylib
0x000000000ba47000 	/System/Library/PrivateFrameworks/AppleSRP.framework/Versions/A/AppleSRP
0x000000000ba47000 	/System/Library/PrivateFrameworks/TrustEvaluationAgent.framework/Versions/A/TrustEvaluationAgent
0x000000012053d000 	cl_kernels
0x000000012053f000 	/System/Library/Frameworks/OpenCL.framework/Versions/A/Libraries/ImageFormats/unorm8_bgra.dylib
0x000000012052e000 	cl_kernels
0x000000000ba47000 	/System/Library/PrivateFrameworks/FamilyControls.framework/Versions/A/FamilyControls
0x000000000ba47000 	/System/Library/PrivateFrameworks/CommerceKit.framework/Versions/A/Frameworks/CommerceCore.framework/Versions/A/CommerceCore
0x000000000ba47000 	/System/Library/PrivateFrameworks/SystemAdministration.framework/Versions/A/SystemAdministration
0x000000000ba47000 	/System/Library/PrivateFrameworks/AppContainer.framework/Versions/A/AppContainer
0x000000000ba47000 	/System/Library/PrivateFrameworks/SecCodeWrapper.framework/Versions/A/SecCodeWrapper
0x000000000ba47000 	/System/Library/Frameworks/DirectoryService.framework/Versions/A/DirectoryService
0x000000000ba47000 	/System/Library/PrivateFrameworks/LoginUIKit.framework/Versions/A/Frameworks/LoginUICore.framework/Versions/A/LoginUICore
0x000000000ba47000 	/usr/lib/libodfde.dylib
0x0000000121896000 	/Library/Java/JavaVirtualMachines/jdk1.8.0_25.jdk/Contents/Home/jre/lib/libfontmanager.dylib
0x000000011fa74000 	/Library/Java/JavaVirtualMachines/jdk1.8.0_25.jdk/Contents/Home/jre/lib/libosxui.dylib
0x000000000ba47000 	/System/Library/Frameworks/OpenGL.framework/Versions/A/Resources/GLEngine.bundle/GLEngine
0x000000000ba47000 	/System/Library/Frameworks/OpenGL.framework/Versions/A/Libraries/libGLProgrammability.dylib
0x0000000000000000 	/System/Library/Extensions/AppleIntelHD5000GraphicsGLDriver.bundle/Contents/MacOS/AppleIntelHD5000GraphicsGLDriver
0x000000000ba47000 	/System/Library/PrivateFrameworks/IOAccelerator.framework/Versions/A/IOAccelerator
0x000000000ba47000 	/System/Library/PrivateFrameworks/GPUSupport.framework/Versions/A/Libraries/libGPUSupportMercury.dylib
0x000000000ba47000 	/System/Library/Frameworks/OpenGL.framework/Versions/A/Resources/GLRendererFloat.bundle/GLRendererFloat
0x00000001227d5000 	/Library/Java/JavaVirtualMachines/jdk1.8.0_25.jdk/Contents/Home/jre/lib/libnio.dylib
0x0000000122885000 	/Library/Java/JavaVirtualMachines/jdk1.8.0_25.jdk/Contents/Home/jre/lib/./libnet.dylib
0x0000000127110000 	/Library/Java/JavaVirtualMachines/jdk1.8.0_25.jdk/Contents/Home/jre/lib/libdcpr.dylib

VM Arguments:
jvm_args: -agentlib:jdwp=transport=dt_socket,address=127.0.0.1:51372,suspend=y,server=n -Dfile.encoding=UTF-8 
java_command: swantech.Main
java_class_path (initial): /Library/Java/JavaVirtualMachines/jdk1.8.0_25.jdk/Contents/Home/lib/ant-javafx.jar:/Library/Java/JavaVirtualMachines/jdk1.8.0_25.jdk/Contents/Home/lib/dt.jar:/Library/Java/JavaVirtualMachines/jdk1.8.0_25.jdk/Contents/Home/lib/javafx-mx.jar:/Library/Java/JavaVirtualMachines/jdk1.8.0_25.jdk/Contents/Home/lib/jconsole.jar:/Library/Java/JavaVirtualMachines/jdk1.8.0_25.jdk/Contents/Home/lib/sa-jdi.jar:/Library/Java/JavaVirtualMachines/jdk1.8.0_25.jdk/Contents/Home/lib/tools.jar:/Library/Java/JavaVirtualMachines/jdk1.8.0_25.jdk/Contents/Home/jre/lib/charsets.jar:/Library/Java/JavaVirtualMachines/jdk1.8.0_25.jdk/Contents/Home/jre/lib/deploy.jar:/Library/Java/JavaVirtualMachines/jdk1.8.0_25.jdk/Contents/Home/jre/lib/javaws.jar:/Library/Java/JavaVirtualMachines/jdk1.8.0_25.jdk/Contents/Home/jre/lib/jce.jar:/Library/Java/JavaVirtualMachines/jdk1.8.0_25.jdk/Contents/Home/jre/lib/jfr.jar:/Library/Java/JavaVirtualMachines/jdk1.8.0_25.jdk/Contents/Home/jre/lib/jfxswt.jar:/Library/Java/JavaVirtualMachines/jdk1.8.0_25.jdk/Contents/Home/jre/lib/jsse.jar:/Library/Java/JavaVirtualMachines/jdk1.8.0_25.jdk/Contents/Home/jre/lib/management-agent.jar:/Library/Java/JavaVirtualMachines/jdk1.8.0_25.jdk/Contents/Home/jre/lib/plugin.jar:/Library/Java/JavaVirtualMachines/jdk1.8.0_25.jdk/Contents/Home/jre/lib/resources.jar:/Library/Java/JavaVirtualMachines/jdk1.8.0_25.jdk/Contents/Home/jre/lib/rt.jar:/Library/Java/JavaVirtualMachines/jdk1.8.0_25.jdk/Contents/Home/jre/lib/ext/cldrdata.jar:/Library/Java/JavaVirtualMachines/jdk1.8.0_25.jdk/Contents/Home/jre/lib/ext/dnsns.jar:/Library/Java/JavaVirtualMachines/jdk1.8.0_25.jdk/Contents/Home/jre/lib/ext/jfxrt.jar:/Library/Java/JavaVirtualMachines/jdk1.8.0_25.jdk/Contents/Home/jre/lib/ext/localedata.jar:/Library/Java/JavaVirtualMachines/jdk1.8.0_25.jdk/Contents/Home/jre/lib/ext/nashorn.jar:/Library/Java/JavaVirtualMachines/jdk1.8.0_25.jdk/Contents/Home/jre/lib/ext/sunec.jar:/Library/Java/JavaVirtualMachines/jdk1.8.0_25.jdk/C
Launcher Type: SUN_STANDARD

Environment Variables:
CLASSPATH=.:/Users/simon/MSc/M58 Web services/cmdLineVersion/:/Users/simon/MSc/M58 Web services/cmdLineVersion/webchatclient:/Users/simon/MSc/M58 Web services/cmdLineVersion/chatserver
PATH=/Library/Frameworks/Python.framework/Versions/3.4/bin:/opt/local/bin:/opt/local/sbin:~/.bin:/usr/local/bin:/usr/bin:/bin:/usr/sbin:/sbin:/opt/X11/bin:/usr/texbin
SHELL=/bin/bash
DISPLAY=/private/tmp/com.apple.launchd.X1UKcYQW9X/org.macosforge.xquartz:0

Signal Handlers:
SIGSEGV: [libjvm.dylib+0x579dc7], sa_mask[0]=11111111011111110111111111111111, sa_flags=SA_ONSTACK|SA_RESTART|SA_SIGINFO
SIGBUS: [libjvm.dylib+0x579dc7], sa_mask[0]=11111111011111110111111111111111, sa_flags=SA_RESTART|SA_SIGINFO
SIGFPE: [libjvm.dylib+0x45b030], sa_mask[0]=11111111011111110111111111111111, sa_flags=SA_RESTART|SA_SIGINFO
SIGPIPE: [libjvm.dylib+0x45b030], sa_mask[0]=11111111011111110111111111111111, sa_flags=SA_RESTART|SA_SIGINFO
SIGXFSZ: [libjvm.dylib+0x45b030], sa_mask[0]=11111111011111110111111111111111, sa_flags=SA_RESTART|SA_SIGINFO
SIGILL: [libjvm.dylib+0x45b030], sa_mask[0]=11111111011111110111111111111111, sa_flags=SA_RESTART|SA_SIGINFO
SIGUSR1: SIG_DFL, sa_mask[0]=00000000000000000000000000000000, sa_flags=none
SIGUSR2: [libjvm.dylib+0x45ab4e], sa_mask[0]=00100000000000000000000000000000, sa_flags=SA_RESTART|SA_SIGINFO
SIGHUP: [libjvm.dylib+0x459121], sa_mask[0]=11111111011111110111111111111111, sa_flags=SA_RESTART|SA_SIGINFO
SIGINT: [libjvm.dylib+0x459121], sa_mask[0]=11111111011111110111111111111111, sa_flags=SA_RESTART|SA_SIGINFO
SIGTERM: [libjvm.dylib+0x459121], sa_mask[0]=11111111011111110111111111111111, sa_flags=SA_RESTART|SA_SIGINFO
SIGQUIT: [libjvm.dylib+0x459121], sa_mask[0]=11111111011111110111111111111111, sa_flags=SA_RESTART|SA_SIGINFO


---------------  S Y S T E M  ---------------

OS:Bsduname:Darwin 14.3.0 Darwin Kernel Version 14.3.0: Mon Mar 23 11:59:05 PDT 2015; root:xnu-2782.20.48~5/RELEASE_X86_64 x86_64
rlimit: STACK 8192k, CORE 0k, NPROC 709, NOFILE 10240, AS infinity
load average:5.16 4.52 4.34

CPU:total 4 (2 cores per cpu, 2 threads per core) family 6 model 69 stepping 1, cmov, cx8, fxsr, mmx, sse, sse2, sse3, ssse3, sse4.1, sse4.2, popcnt, avx, avx2, aes, clmul, erms, lzcnt, ht, tsc, tscinvbit, bmi1, bmi2

Memory: 4k page, physical 8388608k(220424k free)

/proc/meminfo:


vm_info: Java HotSpot(TM) 64-Bit Server VM (25.25-b02) for bsd-amd64 JRE (1.8.0_25-b17), built on Sep 17 2014 16:56:50 by "java_re" with gcc 4.2.1 (Based on Apple Inc. build 5658) (LLVM build 2336.11.00)

time: Wed Apr 22 20:32:08 2015
elapsed time: 304 seconds (0d 0h 5m 4s)

